<?xml version="1.0" encoding="UTF-8"?>
<coverage generated="1632929037737" clover="3.2.0">
  <project timestamp="1632929037738" name="All files">
    <metrics statements="17" coveredstatements="16" conditionals="16" coveredconditionals="14" methods="3" coveredmethods="3" elements="36" coveredelements="33" complexity="0" loc="17" ncloc="17" packages="1" files="1" classes="1"/>
    <file name="script.js" path="/home/fernando/Área de Trabalho/trybe-exercicios/Fundamentos/Bloco 3/7.3/script.js">
      <metrics statements="17" coveredstatements="16" conditionals="16" coveredconditionals="14" methods="3" coveredmethods="3"/>
      <line num="1" count="1" type="stmt"/>
      <line num="2" count="3" type="cond" truecount="4" falsecount="0"/>
      <line num="3" count="1" type="stmt"/>
      <line num="6" count="2" type="stmt"/>
      <line num="9" count="1" type="stmt"/>
      <line num="10" count="3" type="cond" truecount="2" falsecount="0"/>
      <line num="11" count="1" type="stmt"/>
      <line num="13" count="2" type="stmt"/>
      <line num="14" count="2" type="stmt"/>
      <line num="15" count="2" type="stmt"/>
      <line num="18" count="1" type="stmt"/>
      <line num="19" count="3" type="cond" truecount="1" falsecount="1"/>
      <line num="20" count="3" type="cond" truecount="4" falsecount="0"/>
      <line num="21" count="2" type="cond" truecount="2" falsecount="0"/>
      <line num="22" count="1" type="cond" truecount="1" falsecount="1"/>
      <line num="23" count="0" type="stmt"/>
      <line num="27" count="1" type="stmt"/>
    </file>
  </project>
</coverage>
