TN:
SF:script.js
FN:1,(anonymous_0)
FN:9,(anonymous_1)
FN:18,(anonymous_2)
FNF:3
FNH:3
FNDA:3,(anonymous_0)
FNDA:3,(anonymous_1)
FNDA:3,(anonymous_2)
DA:1,1
DA:2,3
DA:3,1
DA:6,2
DA:9,1
DA:10,3
DA:11,1
DA:13,2
DA:14,2
DA:15,2
DA:18,1
DA:19,3
DA:20,3
DA:21,2
DA:22,1
DA:23,0
DA:27,1
LF:17
LH:16
BRDA:2,0,0,1
BRDA:2,0,1,2
BRDA:2,1,0,3
BRDA:2,1,1,3
BRDA:10,2,0,1
BRDA:10,2,1,2
BRDA:19,3,0,0
BRDA:19,3,1,3
BRDA:20,4,0,1
BRDA:20,4,1,2
BRDA:20,5,0,3
BRDA:20,5,1,2
BRDA:21,6,0,1
BRDA:21,6,1,1
BRDA:22,7,0,1
BRDA:22,7,1,0
BRF:16
BRH:14
end_of_record
